have_framework: checking for liblxi... -------------------- no

DYLD_FALLBACK_LIBRARY_PATH=.:/Users/rob/.asdf/installs/ruby/3.1.3/lib "clang -o conftest -I/Users/rob/.asdf/installs/ruby/3.1.3/include/ruby-3.1.0/arm64-darwin22 -I/Users/rob/.asdf/installs/ruby/3.1.3/include/ruby-3.1.0/ruby/backward -I/Users/rob/.asdf/installs/ruby/3.1.3/include/ruby-3.1.0 -I/Users/rob/Code/ruby/lxi_rb/bin -I/Users/rob/.asdf/installs/ruby/3.1.3/include  -I/opt/homebrew/opt/gmp/include -D_XOPEN_SOURCE -D_DARWIN_C_SOURCE -D_DARWIN_UNLIMITED_SELECT -D_REENTRANT   -fdeclspec -O3 -fno-fast-math -ggdb3 -Wall -Wextra -Wdeprecated-declarations -Wdivision-by-zero -Wimplicit-function-declaration -Wimplicit-int -Wmisleading-indentation -Wpointer-arith -Wshorten-64-to-32 -Wwrite-strings -Wold-style-definition -Wmissing-noreturn -Wno-cast-function-type -Wno-constant-logical-operand -Wno-long-long -Wno-missing-field-initializers -Wno-overlength-strings -Wno-parentheses-equality -Wno-self-assign -Wno-tautological-compare -Wno-unused-parameter -Wno-unused-value -Wunused-variable -Wextra-tokens -Wundef  -fno-common -pipe conftest.c  -L. -L/Users/rob/.asdf/installs/ruby/3.1.3/lib -L. -L/Users/rob/.asdf/installs/ruby/3.1.3/lib  -fstack-protector-strong -L/opt/homebrew/opt/gmp/lib -L/usr/local/lib     -lruby.3.1   "
checked program was:
/* begin */
1: #include "ruby.h"
2: 
3: int main(int argc, char **argv)
4: {
5:   return !!argv[argc];
6: }
/* end */

DYLD_FALLBACK_LIBRARY_PATH=.:/Users/rob/.asdf/installs/ruby/3.1.3/lib "clang -o conftest -I/Users/rob/.asdf/installs/ruby/3.1.3/include/ruby-3.1.0/arm64-darwin22 -I/Users/rob/.asdf/installs/ruby/3.1.3/include/ruby-3.1.0/ruby/backward -I/Users/rob/.asdf/installs/ruby/3.1.3/include/ruby-3.1.0 -I/Users/rob/Code/ruby/lxi_rb/bin -I/Users/rob/.asdf/installs/ruby/3.1.3/include  -I/opt/homebrew/opt/gmp/include -D_XOPEN_SOURCE -D_DARWIN_C_SOURCE -D_DARWIN_UNLIMITED_SELECT -D_REENTRANT   -fdeclspec -O3 -fno-fast-math -ggdb3 -Wall -Wextra -Wdeprecated-declarations -Wdivision-by-zero -Wimplicit-function-declaration -Wimplicit-int -Wmisleading-indentation -Wpointer-arith -Wshorten-64-to-32 -Wwrite-strings -Wold-style-definition -Wmissing-noreturn -Wno-cast-function-type -Wno-constant-logical-operand -Wno-long-long -Wno-missing-field-initializers -Wno-overlength-strings -Wno-parentheses-equality -Wno-self-assign -Wno-tautological-compare -Wno-unused-parameter -Wno-unused-value -Wunused-variable -Wextra-tokens -Wundef  -fno-common -pipe conftest.c  -L. -L/Users/rob/.asdf/installs/ruby/3.1.3/lib -L. -L/Users/rob/.asdf/installs/ruby/3.1.3/lib  -fstack-protector-strong -L/opt/homebrew/opt/gmp/lib -L/usr/local/lib     -lruby.3.1  -framework liblxi  "
conftest.c:3:10: fatal error: 'liblxi/liblxi.h' file not found
#include <liblxi/liblxi.h>
         ^~~~~~~~~~~~~~~~~
1 error generated.
checked program was:
/* begin */
1: #include "ruby.h"
2: 
3: #include <liblxi/liblxi.h>
4: 
5: int main(void){return 0;}
/* end */

DYLD_FALLBACK_LIBRARY_PATH=.:/Users/rob/.asdf/installs/ruby/3.1.3/lib "clang -o conftest -I/Users/rob/.asdf/installs/ruby/3.1.3/include/ruby-3.1.0/arm64-darwin22 -I/Users/rob/.asdf/installs/ruby/3.1.3/include/ruby-3.1.0/ruby/backward -I/Users/rob/.asdf/installs/ruby/3.1.3/include/ruby-3.1.0 -I/Users/rob/Code/ruby/lxi_rb/bin -I/Users/rob/.asdf/installs/ruby/3.1.3/include  -I/opt/homebrew/opt/gmp/include -D_XOPEN_SOURCE -D_DARWIN_C_SOURCE -D_DARWIN_UNLIMITED_SELECT -D_REENTRANT   -fdeclspec -O3 -fno-fast-math -ggdb3 -Wall -Wextra -Wdeprecated-declarations -Wdivision-by-zero -Wimplicit-function-declaration -Wimplicit-int -Wmisleading-indentation -Wpointer-arith -Wshorten-64-to-32 -Wwrite-strings -Wold-style-definition -Wmissing-noreturn -Wno-cast-function-type -Wno-constant-logical-operand -Wno-long-long -Wno-missing-field-initializers -Wno-overlength-strings -Wno-parentheses-equality -Wno-self-assign -Wno-tautological-compare -Wno-unused-parameter -Wno-unused-value -Wunused-variable -Wextra-tokens -Wundef  -fno-common -pipe conftest.c  -L. -L/Users/rob/.asdf/installs/ruby/3.1.3/lib -L. -L/Users/rob/.asdf/installs/ruby/3.1.3/lib  -fstack-protector-strong -L/opt/homebrew/opt/gmp/lib -L/usr/local/lib     -lruby.3.1 -ObjC -framework liblxi  "
conftest.c:3:10: fatal error: 'liblxi/liblxi.h' file not found
#include <liblxi/liblxi.h>
         ^~~~~~~~~~~~~~~~~
1 error generated.
checked program was:
/* begin */
1: #include "ruby.h"
2: 
3: #include <liblxi/liblxi.h>
4: 
5: int main(void){return 0;}
/* end */

--------------------

have_framework: checking for lxi... -------------------- no

DYLD_FALLBACK_LIBRARY_PATH=.:/Users/rob/.asdf/installs/ruby/3.1.3/lib "clang -o conftest -I/Users/rob/.asdf/installs/ruby/3.1.3/include/ruby-3.1.0/arm64-darwin22 -I/Users/rob/.asdf/installs/ruby/3.1.3/include/ruby-3.1.0/ruby/backward -I/Users/rob/.asdf/installs/ruby/3.1.3/include/ruby-3.1.0 -I/Users/rob/Code/ruby/lxi_rb/bin -I/Users/rob/.asdf/installs/ruby/3.1.3/include  -I/opt/homebrew/opt/gmp/include -D_XOPEN_SOURCE -D_DARWIN_C_SOURCE -D_DARWIN_UNLIMITED_SELECT -D_REENTRANT   -fdeclspec -O3 -fno-fast-math -ggdb3 -Wall -Wextra -Wdeprecated-declarations -Wdivision-by-zero -Wimplicit-function-declaration -Wimplicit-int -Wmisleading-indentation -Wpointer-arith -Wshorten-64-to-32 -Wwrite-strings -Wold-style-definition -Wmissing-noreturn -Wno-cast-function-type -Wno-constant-logical-operand -Wno-long-long -Wno-missing-field-initializers -Wno-overlength-strings -Wno-parentheses-equality -Wno-self-assign -Wno-tautological-compare -Wno-unused-parameter -Wno-unused-value -Wunused-variable -Wextra-tokens -Wundef  -fno-common -pipe conftest.c  -L. -L/Users/rob/.asdf/installs/ruby/3.1.3/lib -L. -L/Users/rob/.asdf/installs/ruby/3.1.3/lib  -fstack-protector-strong -L/opt/homebrew/opt/gmp/lib -L/usr/local/lib     -lruby.3.1  -framework lxi  "
conftest.c:3:10: fatal error: 'lxi/lxi.h' file not found
#include <lxi/lxi.h>
         ^~~~~~~~~~~
1 error generated.
checked program was:
/* begin */
1: #include "ruby.h"
2: 
3: #include <lxi/lxi.h>
4: 
5: int main(void){return 0;}
/* end */

DYLD_FALLBACK_LIBRARY_PATH=.:/Users/rob/.asdf/installs/ruby/3.1.3/lib "clang -o conftest -I/Users/rob/.asdf/installs/ruby/3.1.3/include/ruby-3.1.0/arm64-darwin22 -I/Users/rob/.asdf/installs/ruby/3.1.3/include/ruby-3.1.0/ruby/backward -I/Users/rob/.asdf/installs/ruby/3.1.3/include/ruby-3.1.0 -I/Users/rob/Code/ruby/lxi_rb/bin -I/Users/rob/.asdf/installs/ruby/3.1.3/include  -I/opt/homebrew/opt/gmp/include -D_XOPEN_SOURCE -D_DARWIN_C_SOURCE -D_DARWIN_UNLIMITED_SELECT -D_REENTRANT   -fdeclspec -O3 -fno-fast-math -ggdb3 -Wall -Wextra -Wdeprecated-declarations -Wdivision-by-zero -Wimplicit-function-declaration -Wimplicit-int -Wmisleading-indentation -Wpointer-arith -Wshorten-64-to-32 -Wwrite-strings -Wold-style-definition -Wmissing-noreturn -Wno-cast-function-type -Wno-constant-logical-operand -Wno-long-long -Wno-missing-field-initializers -Wno-overlength-strings -Wno-parentheses-equality -Wno-self-assign -Wno-tautological-compare -Wno-unused-parameter -Wno-unused-value -Wunused-variable -Wextra-tokens -Wundef  -fno-common -pipe conftest.c  -L. -L/Users/rob/.asdf/installs/ruby/3.1.3/lib -L. -L/Users/rob/.asdf/installs/ruby/3.1.3/lib  -fstack-protector-strong -L/opt/homebrew/opt/gmp/lib -L/usr/local/lib     -lruby.3.1 -ObjC -framework lxi  "
conftest.c:3:10: fatal error: 'lxi/lxi.h' file not found
#include <lxi/lxi.h>
         ^~~~~~~~~~~
1 error generated.
checked program was:
/* begin */
1: #include "ruby.h"
2: 
3: #include <lxi/lxi.h>
4: 
5: int main(void){return 0;}
/* end */

--------------------

have_framework: checking for liblxi... -------------------- no

DYLD_FALLBACK_LIBRARY_PATH=.:/Users/rob/.asdf/installs/ruby/3.1.3/lib "clang -o conftest -I/Users/rob/.asdf/installs/ruby/3.1.3/include/ruby-3.1.0/arm64-darwin22 -I/Users/rob/.asdf/installs/ruby/3.1.3/include/ruby-3.1.0/ruby/backward -I/Users/rob/.asdf/installs/ruby/3.1.3/include/ruby-3.1.0 -I/Users/rob/Code/ruby/lxi_rb/bin -I/Users/rob/.asdf/installs/ruby/3.1.3/include  -I/opt/homebrew/opt/gmp/include -D_XOPEN_SOURCE -D_DARWIN_C_SOURCE -D_DARWIN_UNLIMITED_SELECT -D_REENTRANT   -fdeclspec -O3 -fno-fast-math -ggdb3 -Wall -Wextra -Wdeprecated-declarations -Wdivision-by-zero -Wimplicit-function-declaration -Wimplicit-int -Wmisleading-indentation -Wpointer-arith -Wshorten-64-to-32 -Wwrite-strings -Wold-style-definition -Wmissing-noreturn -Wno-cast-function-type -Wno-constant-logical-operand -Wno-long-long -Wno-missing-field-initializers -Wno-overlength-strings -Wno-parentheses-equality -Wno-self-assign -Wno-tautological-compare -Wno-unused-parameter -Wno-unused-value -Wunused-variable -Wextra-tokens -Wundef  -fno-common -pipe conftest.c  -L. -L/Users/rob/.asdf/installs/ruby/3.1.3/lib -L. -L/Users/rob/.asdf/installs/ruby/3.1.3/lib  -fstack-protector-strong -L/opt/homebrew/opt/gmp/lib -L/usr/local/lib     -lruby.3.1  -framework liblxi  "
conftest.c:3:10: fatal error: 'liblxi/liblxi.h' file not found
#include <liblxi/liblxi.h>
         ^~~~~~~~~~~~~~~~~
1 error generated.
checked program was:
/* begin */
1: #include "ruby.h"
2: 
3: #include <liblxi/liblxi.h>
4: 
5: int main(void){return 0;}
/* end */

DYLD_FALLBACK_LIBRARY_PATH=.:/Users/rob/.asdf/installs/ruby/3.1.3/lib "clang -o conftest -I/Users/rob/.asdf/installs/ruby/3.1.3/include/ruby-3.1.0/arm64-darwin22 -I/Users/rob/.asdf/installs/ruby/3.1.3/include/ruby-3.1.0/ruby/backward -I/Users/rob/.asdf/installs/ruby/3.1.3/include/ruby-3.1.0 -I/Users/rob/Code/ruby/lxi_rb/bin -I/Users/rob/.asdf/installs/ruby/3.1.3/include  -I/opt/homebrew/opt/gmp/include -D_XOPEN_SOURCE -D_DARWIN_C_SOURCE -D_DARWIN_UNLIMITED_SELECT -D_REENTRANT   -fdeclspec -O3 -fno-fast-math -ggdb3 -Wall -Wextra -Wdeprecated-declarations -Wdivision-by-zero -Wimplicit-function-declaration -Wimplicit-int -Wmisleading-indentation -Wpointer-arith -Wshorten-64-to-32 -Wwrite-strings -Wold-style-definition -Wmissing-noreturn -Wno-cast-function-type -Wno-constant-logical-operand -Wno-long-long -Wno-missing-field-initializers -Wno-overlength-strings -Wno-parentheses-equality -Wno-self-assign -Wno-tautological-compare -Wno-unused-parameter -Wno-unused-value -Wunused-variable -Wextra-tokens -Wundef  -fno-common -pipe conftest.c  -L. -L/Users/rob/.asdf/installs/ruby/3.1.3/lib -L. -L/Users/rob/.asdf/installs/ruby/3.1.3/lib  -fstack-protector-strong -L/opt/homebrew/opt/gmp/lib -L/usr/local/lib     -lruby.3.1 -ObjC -framework liblxi  "
conftest.c:3:10: fatal error: 'liblxi/liblxi.h' file not found
#include <liblxi/liblxi.h>
         ^~~~~~~~~~~~~~~~~
1 error generated.
checked program was:
/* begin */
1: #include "ruby.h"
2: 
3: #include <liblxi/liblxi.h>
4: 
5: int main(void){return 0;}
/* end */

--------------------

have_library: checking for -lliblxi... -------------------- no

DYLD_FALLBACK_LIBRARY_PATH=.:/Users/rob/.asdf/installs/ruby/3.1.3/lib "clang -o conftest -I/Users/rob/.asdf/installs/ruby/3.1.3/include/ruby-3.1.0/arm64-darwin22 -I/Users/rob/.asdf/installs/ruby/3.1.3/include/ruby-3.1.0/ruby/backward -I/Users/rob/.asdf/installs/ruby/3.1.3/include/ruby-3.1.0 -I/Users/rob/Code/ruby/lxi_rb/bin -I/Users/rob/.asdf/installs/ruby/3.1.3/include  -I/opt/homebrew/opt/gmp/include -D_XOPEN_SOURCE -D_DARWIN_C_SOURCE -D_DARWIN_UNLIMITED_SELECT -D_REENTRANT   -fdeclspec -O3 -fno-fast-math -ggdb3 -Wall -Wextra -Wdeprecated-declarations -Wdivision-by-zero -Wimplicit-function-declaration -Wimplicit-int -Wmisleading-indentation -Wpointer-arith -Wshorten-64-to-32 -Wwrite-strings -Wold-style-definition -Wmissing-noreturn -Wno-cast-function-type -Wno-constant-logical-operand -Wno-long-long -Wno-missing-field-initializers -Wno-overlength-strings -Wno-parentheses-equality -Wno-self-assign -Wno-tautological-compare -Wno-unused-parameter -Wno-unused-value -Wunused-variable -Wextra-tokens -Wundef  -fno-common -pipe conftest.c  -L. -L/Users/rob/.asdf/installs/ruby/3.1.3/lib -L. -L/Users/rob/.asdf/installs/ruby/3.1.3/lib  -fstack-protector-strong -L/opt/homebrew/opt/gmp/lib -L/usr/local/lib     -lruby.3.1 -lliblxi   "
ld: library not found for -lliblxi
clang: error: linker command failed with exit code 1 (use -v to see invocation)
checked program was:
/* begin */
 1: #include "ruby.h"
 2: 
 3: /*top*/
 4: extern int t(void);
 5: int main(int argc, char **argv)
 6: {
 7:   if (argc > 1000000) {
 8:     int (* volatile tp)(void)=(int (*)(void))&t;
 9:     printf("%d", (*tp)());
10:   }
11: 
12:   return !!argv[argc];
13: }
14: 
15: int t(void) { ; return 0; }
/* end */

--------------------

have_library: checking for -llxi... -------------------- no

DYLD_FALLBACK_LIBRARY_PATH=.:/Users/rob/.asdf/installs/ruby/3.1.3/lib "clang -o conftest -I/Users/rob/.asdf/installs/ruby/3.1.3/include/ruby-3.1.0/arm64-darwin22 -I/Users/rob/.asdf/installs/ruby/3.1.3/include/ruby-3.1.0/ruby/backward -I/Users/rob/.asdf/installs/ruby/3.1.3/include/ruby-3.1.0 -I/Users/rob/Code/ruby/lxi_rb/bin -I/Users/rob/.asdf/installs/ruby/3.1.3/include  -I/opt/homebrew/opt/gmp/include -D_XOPEN_SOURCE -D_DARWIN_C_SOURCE -D_DARWIN_UNLIMITED_SELECT -D_REENTRANT   -fdeclspec -O3 -fno-fast-math -ggdb3 -Wall -Wextra -Wdeprecated-declarations -Wdivision-by-zero -Wimplicit-function-declaration -Wimplicit-int -Wmisleading-indentation -Wpointer-arith -Wshorten-64-to-32 -Wwrite-strings -Wold-style-definition -Wmissing-noreturn -Wno-cast-function-type -Wno-constant-logical-operand -Wno-long-long -Wno-missing-field-initializers -Wno-overlength-strings -Wno-parentheses-equality -Wno-self-assign -Wno-tautological-compare -Wno-unused-parameter -Wno-unused-value -Wunused-variable -Wextra-tokens -Wundef  -fno-common -pipe conftest.c  -L. -L/Users/rob/.asdf/installs/ruby/3.1.3/lib -L. -L/Users/rob/.asdf/installs/ruby/3.1.3/lib  -fstack-protector-strong -L/opt/homebrew/opt/gmp/lib -L/usr/local/lib     -lruby.3.1 -llxi   "
ld: library not found for -llxi
clang: error: linker command failed with exit code 1 (use -v to see invocation)
checked program was:
/* begin */
 1: #include "ruby.h"
 2: 
 3: /*top*/
 4: extern int t(void);
 5: int main(int argc, char **argv)
 6: {
 7:   if (argc > 1000000) {
 8:     int (* volatile tp)(void)=(int (*)(void))&t;
 9:     printf("%d", (*tp)());
10:   }
11: 
12:   return !!argv[argc];
13: }
14: 
15: int t(void) { ; return 0; }
/* end */

--------------------

have_library: checking for lxi_init() in -llxi... -------------------- no

DYLD_FALLBACK_LIBRARY_PATH=.:/Users/rob/.asdf/installs/ruby/3.1.3/lib "clang -o conftest -I/Users/rob/.asdf/installs/ruby/3.1.3/include/ruby-3.1.0/arm64-darwin22 -I/Users/rob/.asdf/installs/ruby/3.1.3/include/ruby-3.1.0/ruby/backward -I/Users/rob/.asdf/installs/ruby/3.1.3/include/ruby-3.1.0 -I/Users/rob/Code/ruby/lxi_rb/bin -I/Users/rob/.asdf/installs/ruby/3.1.3/include  -I/opt/homebrew/opt/gmp/include -D_XOPEN_SOURCE -D_DARWIN_C_SOURCE -D_DARWIN_UNLIMITED_SELECT -D_REENTRANT   -fdeclspec -O3 -fno-fast-math -ggdb3 -Wall -Wextra -Wdeprecated-declarations -Wdivision-by-zero -Wimplicit-function-declaration -Wimplicit-int -Wmisleading-indentation -Wpointer-arith -Wshorten-64-to-32 -Wwrite-strings -Wold-style-definition -Wmissing-noreturn -Wno-cast-function-type -Wno-constant-logical-operand -Wno-long-long -Wno-missing-field-initializers -Wno-overlength-strings -Wno-parentheses-equality -Wno-self-assign -Wno-tautological-compare -Wno-unused-parameter -Wno-unused-value -Wunused-variable -Wextra-tokens -Wundef  -fno-common -pipe conftest.c  -L. -L/Users/rob/.asdf/installs/ruby/3.1.3/lib -L. -L/Users/rob/.asdf/installs/ruby/3.1.3/lib  -fstack-protector-strong -L/opt/homebrew/opt/gmp/lib -L/usr/local/lib     -lruby.3.1 -llxi   "
conftest.c:14:57: error: use of undeclared identifier 'lxi_init'
int t(void) { void ((*volatile p)()); p = (void ((*)()))lxi_init; return !p; }
                                                        ^
1 error generated.
checked program was:
/* begin */
 1: #include "ruby.h"
 2: 
 3: /*top*/
 4: extern int t(void);
 5: int main(int argc, char **argv)
 6: {
 7:   if (argc > 1000000) {
 8:     int (* volatile tp)(void)=(int (*)(void))&t;
 9:     printf("%d", (*tp)());
10:   }
11: 
12:   return !!argv[argc];
13: }
14: int t(void) { void ((*volatile p)()); p = (void ((*)()))lxi_init; return !p; }
/* end */

DYLD_FALLBACK_LIBRARY_PATH=.:/Users/rob/.asdf/installs/ruby/3.1.3/lib "clang -o conftest -I/Users/rob/.asdf/installs/ruby/3.1.3/include/ruby-3.1.0/arm64-darwin22 -I/Users/rob/.asdf/installs/ruby/3.1.3/include/ruby-3.1.0/ruby/backward -I/Users/rob/.asdf/installs/ruby/3.1.3/include/ruby-3.1.0 -I/Users/rob/Code/ruby/lxi_rb/bin -I/Users/rob/.asdf/installs/ruby/3.1.3/include  -I/opt/homebrew/opt/gmp/include -D_XOPEN_SOURCE -D_DARWIN_C_SOURCE -D_DARWIN_UNLIMITED_SELECT -D_REENTRANT   -fdeclspec -O3 -fno-fast-math -ggdb3 -Wall -Wextra -Wdeprecated-declarations -Wdivision-by-zero -Wimplicit-function-declaration -Wimplicit-int -Wmisleading-indentation -Wpointer-arith -Wshorten-64-to-32 -Wwrite-strings -Wold-style-definition -Wmissing-noreturn -Wno-cast-function-type -Wno-constant-logical-operand -Wno-long-long -Wno-missing-field-initializers -Wno-overlength-strings -Wno-parentheses-equality -Wno-self-assign -Wno-tautological-compare -Wno-unused-parameter -Wno-unused-value -Wunused-variable -Wextra-tokens -Wundef  -fno-common -pipe conftest.c  -L. -L/Users/rob/.asdf/installs/ruby/3.1.3/lib -L. -L/Users/rob/.asdf/installs/ruby/3.1.3/lib  -fstack-protector-strong -L/opt/homebrew/opt/gmp/lib -L/usr/local/lib     -lruby.3.1 -llxi   "
ld: library not found for -llxi
clang: error: linker command failed with exit code 1 (use -v to see invocation)
checked program was:
/* begin */
 1: #include "ruby.h"
 2: 
 3: /*top*/
 4: extern int t(void);
 5: int main(int argc, char **argv)
 6: {
 7:   if (argc > 1000000) {
 8:     int (* volatile tp)(void)=(int (*)(void))&t;
 9:     printf("%d", (*tp)());
10:   }
11: 
12:   return !!argv[argc];
13: }
14: extern void lxi_init();
15: int t(void) { lxi_init(); return 0; }
/* end */

--------------------

have_library: checking for lxi_init() in -lliblxi... -------------------- no

DYLD_FALLBACK_LIBRARY_PATH=.:/Users/rob/.asdf/installs/ruby/3.1.3/lib "clang -o conftest -I/Users/rob/.asdf/installs/ruby/3.1.3/include/ruby-3.1.0/arm64-darwin22 -I/Users/rob/.asdf/installs/ruby/3.1.3/include/ruby-3.1.0/ruby/backward -I/Users/rob/.asdf/installs/ruby/3.1.3/include/ruby-3.1.0 -I/Users/rob/Code/ruby/lxi_rb/bin -I/Users/rob/.asdf/installs/ruby/3.1.3/include  -I/opt/homebrew/opt/gmp/include -D_XOPEN_SOURCE -D_DARWIN_C_SOURCE -D_DARWIN_UNLIMITED_SELECT -D_REENTRANT   -fdeclspec -O3 -fno-fast-math -ggdb3 -Wall -Wextra -Wdeprecated-declarations -Wdivision-by-zero -Wimplicit-function-declaration -Wimplicit-int -Wmisleading-indentation -Wpointer-arith -Wshorten-64-to-32 -Wwrite-strings -Wold-style-definition -Wmissing-noreturn -Wno-cast-function-type -Wno-constant-logical-operand -Wno-long-long -Wno-missing-field-initializers -Wno-overlength-strings -Wno-parentheses-equality -Wno-self-assign -Wno-tautological-compare -Wno-unused-parameter -Wno-unused-value -Wunused-variable -Wextra-tokens -Wundef  -fno-common -pipe conftest.c  -L. -L/Users/rob/.asdf/installs/ruby/3.1.3/lib -L. -L/Users/rob/.asdf/installs/ruby/3.1.3/lib  -fstack-protector-strong -L/opt/homebrew/opt/gmp/lib -L/usr/local/lib     -lruby.3.1 -lliblxi   "
conftest.c:14:57: error: use of undeclared identifier 'lxi_init'
int t(void) { void ((*volatile p)()); p = (void ((*)()))lxi_init; return !p; }
                                                        ^
1 error generated.
checked program was:
/* begin */
 1: #include "ruby.h"
 2: 
 3: /*top*/
 4: extern int t(void);
 5: int main(int argc, char **argv)
 6: {
 7:   if (argc > 1000000) {
 8:     int (* volatile tp)(void)=(int (*)(void))&t;
 9:     printf("%d", (*tp)());
10:   }
11: 
12:   return !!argv[argc];
13: }
14: int t(void) { void ((*volatile p)()); p = (void ((*)()))lxi_init; return !p; }
/* end */

DYLD_FALLBACK_LIBRARY_PATH=.:/Users/rob/.asdf/installs/ruby/3.1.3/lib "clang -o conftest -I/Users/rob/.asdf/installs/ruby/3.1.3/include/ruby-3.1.0/arm64-darwin22 -I/Users/rob/.asdf/installs/ruby/3.1.3/include/ruby-3.1.0/ruby/backward -I/Users/rob/.asdf/installs/ruby/3.1.3/include/ruby-3.1.0 -I/Users/rob/Code/ruby/lxi_rb/bin -I/Users/rob/.asdf/installs/ruby/3.1.3/include  -I/opt/homebrew/opt/gmp/include -D_XOPEN_SOURCE -D_DARWIN_C_SOURCE -D_DARWIN_UNLIMITED_SELECT -D_REENTRANT   -fdeclspec -O3 -fno-fast-math -ggdb3 -Wall -Wextra -Wdeprecated-declarations -Wdivision-by-zero -Wimplicit-function-declaration -Wimplicit-int -Wmisleading-indentation -Wpointer-arith -Wshorten-64-to-32 -Wwrite-strings -Wold-style-definition -Wmissing-noreturn -Wno-cast-function-type -Wno-constant-logical-operand -Wno-long-long -Wno-missing-field-initializers -Wno-overlength-strings -Wno-parentheses-equality -Wno-self-assign -Wno-tautological-compare -Wno-unused-parameter -Wno-unused-value -Wunused-variable -Wextra-tokens -Wundef  -fno-common -pipe conftest.c  -L. -L/Users/rob/.asdf/installs/ruby/3.1.3/lib -L. -L/Users/rob/.asdf/installs/ruby/3.1.3/lib  -fstack-protector-strong -L/opt/homebrew/opt/gmp/lib -L/usr/local/lib     -lruby.3.1 -lliblxi   "
ld: library not found for -lliblxi
clang: error: linker command failed with exit code 1 (use -v to see invocation)
checked program was:
/* begin */
 1: #include "ruby.h"
 2: 
 3: /*top*/
 4: extern int t(void);
 5: int main(int argc, char **argv)
 6: {
 7:   if (argc > 1000000) {
 8:     int (* volatile tp)(void)=(int (*)(void))&t;
 9:     printf("%d", (*tp)());
10:   }
11: 
12:   return !!argv[argc];
13: }
14: extern void lxi_init();
15: int t(void) { lxi_init(); return 0; }
/* end */

--------------------

have_func: checking for lxi_init()... -------------------- no

DYLD_FALLBACK_LIBRARY_PATH=.:/Users/rob/.asdf/installs/ruby/3.1.3/lib "clang -o conftest -I/Users/rob/.asdf/installs/ruby/3.1.3/include/ruby-3.1.0/arm64-darwin22 -I/Users/rob/.asdf/installs/ruby/3.1.3/include/ruby-3.1.0/ruby/backward -I/Users/rob/.asdf/installs/ruby/3.1.3/include/ruby-3.1.0 -I/Users/rob/Code/ruby/lxi_rb/bin -I/Users/rob/.asdf/installs/ruby/3.1.3/include  -I/opt/homebrew/opt/gmp/include -D_XOPEN_SOURCE -D_DARWIN_C_SOURCE -D_DARWIN_UNLIMITED_SELECT -D_REENTRANT   -fdeclspec -O3 -fno-fast-math -ggdb3 -Wall -Wextra -Wdeprecated-declarations -Wdivision-by-zero -Wimplicit-function-declaration -Wimplicit-int -Wmisleading-indentation -Wpointer-arith -Wshorten-64-to-32 -Wwrite-strings -Wold-style-definition -Wmissing-noreturn -Wno-cast-function-type -Wno-constant-logical-operand -Wno-long-long -Wno-missing-field-initializers -Wno-overlength-strings -Wno-parentheses-equality -Wno-self-assign -Wno-tautological-compare -Wno-unused-parameter -Wno-unused-value -Wunused-variable -Wextra-tokens -Wundef  -fno-common -pipe conftest.c  -L. -L/Users/rob/.asdf/installs/ruby/3.1.3/lib -L. -L/Users/rob/.asdf/installs/ruby/3.1.3/lib  -fstack-protector-strong -L/opt/homebrew/opt/gmp/lib -L/usr/local/lib     -lruby.3.1   "
conftest.c:14:57: error: use of undeclared identifier 'lxi_init'
int t(void) { void ((*volatile p)()); p = (void ((*)()))lxi_init; return !p; }
                                                        ^
1 error generated.
checked program was:
/* begin */
 1: #include "ruby.h"
 2: 
 3: /*top*/
 4: extern int t(void);
 5: int main(int argc, char **argv)
 6: {
 7:   if (argc > 1000000) {
 8:     int (* volatile tp)(void)=(int (*)(void))&t;
 9:     printf("%d", (*tp)());
10:   }
11: 
12:   return !!argv[argc];
13: }
14: int t(void) { void ((*volatile p)()); p = (void ((*)()))lxi_init; return !p; }
/* end */

DYLD_FALLBACK_LIBRARY_PATH=.:/Users/rob/.asdf/installs/ruby/3.1.3/lib "clang -o conftest -I/Users/rob/.asdf/installs/ruby/3.1.3/include/ruby-3.1.0/arm64-darwin22 -I/Users/rob/.asdf/installs/ruby/3.1.3/include/ruby-3.1.0/ruby/backward -I/Users/rob/.asdf/installs/ruby/3.1.3/include/ruby-3.1.0 -I/Users/rob/Code/ruby/lxi_rb/bin -I/Users/rob/.asdf/installs/ruby/3.1.3/include  -I/opt/homebrew/opt/gmp/include -D_XOPEN_SOURCE -D_DARWIN_C_SOURCE -D_DARWIN_UNLIMITED_SELECT -D_REENTRANT   -fdeclspec -O3 -fno-fast-math -ggdb3 -Wall -Wextra -Wdeprecated-declarations -Wdivision-by-zero -Wimplicit-function-declaration -Wimplicit-int -Wmisleading-indentation -Wpointer-arith -Wshorten-64-to-32 -Wwrite-strings -Wold-style-definition -Wmissing-noreturn -Wno-cast-function-type -Wno-constant-logical-operand -Wno-long-long -Wno-missing-field-initializers -Wno-overlength-strings -Wno-parentheses-equality -Wno-self-assign -Wno-tautological-compare -Wno-unused-parameter -Wno-unused-value -Wunused-variable -Wextra-tokens -Wundef  -fno-common -pipe conftest.c  -L. -L/Users/rob/.asdf/installs/ruby/3.1.3/lib -L. -L/Users/rob/.asdf/installs/ruby/3.1.3/lib  -fstack-protector-strong -L/opt/homebrew/opt/gmp/lib -L/usr/local/lib     -lruby.3.1   "
Undefined symbols for architecture arm64:
  "_lxi_init", referenced from:
      _t in conftest-1fadab.o
ld: symbol(s) not found for architecture arm64
clang: error: linker command failed with exit code 1 (use -v to see invocation)
checked program was:
/* begin */
 1: #include "ruby.h"
 2: 
 3: /*top*/
 4: extern int t(void);
 5: int main(int argc, char **argv)
 6: {
 7:   if (argc > 1000000) {
 8:     int (* volatile tp)(void)=(int (*)(void))&t;
 9:     printf("%d", (*tp)());
10:   }
11: 
12:   return !!argv[argc];
13: }
14: extern void lxi_init();
15: int t(void) { lxi_init(); return 0; }
/* end */

--------------------

have_func: checking for lxi_init() in lxi... -------------------- no

DYLD_FALLBACK_LIBRARY_PATH=.:/Users/rob/.asdf/installs/ruby/3.1.3/lib "clang -o conftest -I/Users/rob/.asdf/installs/ruby/3.1.3/include/ruby-3.1.0/arm64-darwin22 -I/Users/rob/.asdf/installs/ruby/3.1.3/include/ruby-3.1.0/ruby/backward -I/Users/rob/.asdf/installs/ruby/3.1.3/include/ruby-3.1.0 -I/Users/rob/Code/ruby/lxi_rb/bin -I/Users/rob/.asdf/installs/ruby/3.1.3/include  -I/opt/homebrew/opt/gmp/include -D_XOPEN_SOURCE -D_DARWIN_C_SOURCE -D_DARWIN_UNLIMITED_SELECT -D_REENTRANT   -fdeclspec -O3 -fno-fast-math -ggdb3 -Wall -Wextra -Wdeprecated-declarations -Wdivision-by-zero -Wimplicit-function-declaration -Wimplicit-int -Wmisleading-indentation -Wpointer-arith -Wshorten-64-to-32 -Wwrite-strings -Wold-style-definition -Wmissing-noreturn -Wno-cast-function-type -Wno-constant-logical-operand -Wno-long-long -Wno-missing-field-initializers -Wno-overlength-strings -Wno-parentheses-equality -Wno-self-assign -Wno-tautological-compare -Wno-unused-parameter -Wno-unused-value -Wunused-variable -Wextra-tokens -Wundef  -fno-common -pipe conftest.c  -L. -L/Users/rob/.asdf/installs/ruby/3.1.3/lib -L. -L/Users/rob/.asdf/installs/ruby/3.1.3/lib  -fstack-protector-strong -L/opt/homebrew/opt/gmp/lib -L/usr/local/lib     -lruby.3.1   "
conftest.c:3:10: fatal error: 'lxi' file not found
#include <lxi>
         ^~~~~
1 error generated.
checked program was:
/* begin */
 1: #include "ruby.h"
 2: 
 3: #include <lxi>
 4: 
 5: /*top*/
 6: extern int t(void);
 7: int main(int argc, char **argv)
 8: {
 9:   if (argc > 1000000) {
10:     int (* volatile tp)(void)=(int (*)(void))&t;
11:     printf("%d", (*tp)());
12:   }
13: 
14:   return !!argv[argc];
15: }
16: int t(void) { void ((*volatile p)()); p = (void ((*)()))lxi_init; return !p; }
/* end */

DYLD_FALLBACK_LIBRARY_PATH=.:/Users/rob/.asdf/installs/ruby/3.1.3/lib "clang -o conftest -I/Users/rob/.asdf/installs/ruby/3.1.3/include/ruby-3.1.0/arm64-darwin22 -I/Users/rob/.asdf/installs/ruby/3.1.3/include/ruby-3.1.0/ruby/backward -I/Users/rob/.asdf/installs/ruby/3.1.3/include/ruby-3.1.0 -I/Users/rob/Code/ruby/lxi_rb/bin -I/Users/rob/.asdf/installs/ruby/3.1.3/include  -I/opt/homebrew/opt/gmp/include -D_XOPEN_SOURCE -D_DARWIN_C_SOURCE -D_DARWIN_UNLIMITED_SELECT -D_REENTRANT   -fdeclspec -O3 -fno-fast-math -ggdb3 -Wall -Wextra -Wdeprecated-declarations -Wdivision-by-zero -Wimplicit-function-declaration -Wimplicit-int -Wmisleading-indentation -Wpointer-arith -Wshorten-64-to-32 -Wwrite-strings -Wold-style-definition -Wmissing-noreturn -Wno-cast-function-type -Wno-constant-logical-operand -Wno-long-long -Wno-missing-field-initializers -Wno-overlength-strings -Wno-parentheses-equality -Wno-self-assign -Wno-tautological-compare -Wno-unused-parameter -Wno-unused-value -Wunused-variable -Wextra-tokens -Wundef  -fno-common -pipe conftest.c  -L. -L/Users/rob/.asdf/installs/ruby/3.1.3/lib -L. -L/Users/rob/.asdf/installs/ruby/3.1.3/lib  -fstack-protector-strong -L/opt/homebrew/opt/gmp/lib -L/usr/local/lib     -lruby.3.1   "
conftest.c:3:10: fatal error: 'lxi' file not found
#include <lxi>
         ^~~~~
1 error generated.
checked program was:
/* begin */
 1: #include "ruby.h"
 2: 
 3: #include <lxi>
 4: 
 5: /*top*/
 6: extern int t(void);
 7: int main(int argc, char **argv)
 8: {
 9:   if (argc > 1000000) {
10:     int (* volatile tp)(void)=(int (*)(void))&t;
11:     printf("%d", (*tp)());
12:   }
13: 
14:   return !!argv[argc];
15: }
16: extern void lxi_init();
17: int t(void) { lxi_init(); return 0; }
/* end */

--------------------

have_func: checking for lxi_init() in lxi.h... -------------------- no

DYLD_FALLBACK_LIBRARY_PATH=.:/Users/rob/.asdf/installs/ruby/3.1.3/lib "clang -o conftest -I/Users/rob/.asdf/installs/ruby/3.1.3/include/ruby-3.1.0/arm64-darwin22 -I/Users/rob/.asdf/installs/ruby/3.1.3/include/ruby-3.1.0/ruby/backward -I/Users/rob/.asdf/installs/ruby/3.1.3/include/ruby-3.1.0 -I/Users/rob/Code/ruby/lxi_rb/bin -I/Users/rob/.asdf/installs/ruby/3.1.3/include  -I/opt/homebrew/opt/gmp/include -D_XOPEN_SOURCE -D_DARWIN_C_SOURCE -D_DARWIN_UNLIMITED_SELECT -D_REENTRANT   -fdeclspec -O3 -fno-fast-math -ggdb3 -Wall -Wextra -Wdeprecated-declarations -Wdivision-by-zero -Wimplicit-function-declaration -Wimplicit-int -Wmisleading-indentation -Wpointer-arith -Wshorten-64-to-32 -Wwrite-strings -Wold-style-definition -Wmissing-noreturn -Wno-cast-function-type -Wno-constant-logical-operand -Wno-long-long -Wno-missing-field-initializers -Wno-overlength-strings -Wno-parentheses-equality -Wno-self-assign -Wno-tautological-compare -Wno-unused-parameter -Wno-unused-value -Wunused-variable -Wextra-tokens -Wundef  -fno-common -pipe conftest.c  -L. -L/Users/rob/.asdf/installs/ruby/3.1.3/lib -L. -L/Users/rob/.asdf/installs/ruby/3.1.3/lib  -fstack-protector-strong -L/opt/homebrew/opt/gmp/lib -L/usr/local/lib     -lruby.3.1   "
conftest.c:3:10: fatal error: 'lxi.h' file not found
#include <lxi.h>
         ^~~~~~~
1 error generated.
checked program was:
/* begin */
 1: #include "ruby.h"
 2: 
 3: #include <lxi.h>
 4: 
 5: /*top*/
 6: extern int t(void);
 7: int main(int argc, char **argv)
 8: {
 9:   if (argc > 1000000) {
10:     int (* volatile tp)(void)=(int (*)(void))&t;
11:     printf("%d", (*tp)());
12:   }
13: 
14:   return !!argv[argc];
15: }
16: int t(void) { void ((*volatile p)()); p = (void ((*)()))lxi_init; return !p; }
/* end */

DYLD_FALLBACK_LIBRARY_PATH=.:/Users/rob/.asdf/installs/ruby/3.1.3/lib "clang -o conftest -I/Users/rob/.asdf/installs/ruby/3.1.3/include/ruby-3.1.0/arm64-darwin22 -I/Users/rob/.asdf/installs/ruby/3.1.3/include/ruby-3.1.0/ruby/backward -I/Users/rob/.asdf/installs/ruby/3.1.3/include/ruby-3.1.0 -I/Users/rob/Code/ruby/lxi_rb/bin -I/Users/rob/.asdf/installs/ruby/3.1.3/include  -I/opt/homebrew/opt/gmp/include -D_XOPEN_SOURCE -D_DARWIN_C_SOURCE -D_DARWIN_UNLIMITED_SELECT -D_REENTRANT   -fdeclspec -O3 -fno-fast-math -ggdb3 -Wall -Wextra -Wdeprecated-declarations -Wdivision-by-zero -Wimplicit-function-declaration -Wimplicit-int -Wmisleading-indentation -Wpointer-arith -Wshorten-64-to-32 -Wwrite-strings -Wold-style-definition -Wmissing-noreturn -Wno-cast-function-type -Wno-constant-logical-operand -Wno-long-long -Wno-missing-field-initializers -Wno-overlength-strings -Wno-parentheses-equality -Wno-self-assign -Wno-tautological-compare -Wno-unused-parameter -Wno-unused-value -Wunused-variable -Wextra-tokens -Wundef  -fno-common -pipe conftest.c  -L. -L/Users/rob/.asdf/installs/ruby/3.1.3/lib -L. -L/Users/rob/.asdf/installs/ruby/3.1.3/lib  -fstack-protector-strong -L/opt/homebrew/opt/gmp/lib -L/usr/local/lib     -lruby.3.1   "
conftest.c:3:10: fatal error: 'lxi.h' file not found
#include <lxi.h>
         ^~~~~~~
1 error generated.
checked program was:
/* begin */
 1: #include "ruby.h"
 2: 
 3: #include <lxi.h>
 4: 
 5: /*top*/
 6: extern int t(void);
 7: int main(int argc, char **argv)
 8: {
 9:   if (argc > 1000000) {
10:     int (* volatile tp)(void)=(int (*)(void))&t;
11:     printf("%d", (*tp)());
12:   }
13: 
14:   return !!argv[argc];
15: }
16: extern void lxi_init();
17: int t(void) { lxi_init(); return 0; }
/* end */

--------------------

have_library: checking for lxi_init() in -llxi... -------------------- no

DYLD_FALLBACK_LIBRARY_PATH=.:/Users/rob/.asdf/installs/ruby/3.1.3/lib "clang -o conftest -I/Users/rob/.asdf/installs/ruby/3.1.3/include/ruby-3.1.0/arm64-darwin22 -I/Users/rob/.asdf/installs/ruby/3.1.3/include/ruby-3.1.0/ruby/backward -I/Users/rob/.asdf/installs/ruby/3.1.3/include/ruby-3.1.0 -I/Users/rob/Code/ruby/lxi_rb/bin -I/Users/rob/.asdf/installs/ruby/3.1.3/include  -I/opt/homebrew/opt/gmp/include -D_XOPEN_SOURCE -D_DARWIN_C_SOURCE -D_DARWIN_UNLIMITED_SELECT -D_REENTRANT   -fdeclspec -O3 -fno-fast-math -ggdb3 -Wall -Wextra -Wdeprecated-declarations -Wdivision-by-zero -Wimplicit-function-declaration -Wimplicit-int -Wmisleading-indentation -Wpointer-arith -Wshorten-64-to-32 -Wwrite-strings -Wold-style-definition -Wmissing-noreturn -Wno-cast-function-type -Wno-constant-logical-operand -Wno-long-long -Wno-missing-field-initializers -Wno-overlength-strings -Wno-parentheses-equality -Wno-self-assign -Wno-tautological-compare -Wno-unused-parameter -Wno-unused-value -Wunused-variable -Wextra-tokens -Wundef  -fno-common -pipe conftest.c  -L. -L/Users/rob/.asdf/installs/ruby/3.1.3/lib -L. -L/Users/rob/.asdf/installs/ruby/3.1.3/lib  -fstack-protector-strong -L/opt/homebrew/opt/gmp/lib -L/usr/local/lib     -lruby.3.1 -llxi   "
conftest.c:3:10: fatal error: 'lxi.h' file not found
#include <lxi.h>
         ^~~~~~~
1 error generated.
checked program was:
/* begin */
 1: #include "ruby.h"
 2: 
 3: #include <lxi.h>
 4: 
 5: /*top*/
 6: extern int t(void);
 7: int main(int argc, char **argv)
 8: {
 9:   if (argc > 1000000) {
10:     int (* volatile tp)(void)=(int (*)(void))&t;
11:     printf("%d", (*tp)());
12:   }
13: 
14:   return !!argv[argc];
15: }
16: int t(void) { void ((*volatile p)()); p = (void ((*)()))lxi_init; return !p; }
/* end */

DYLD_FALLBACK_LIBRARY_PATH=.:/Users/rob/.asdf/installs/ruby/3.1.3/lib "clang -o conftest -I/Users/rob/.asdf/installs/ruby/3.1.3/include/ruby-3.1.0/arm64-darwin22 -I/Users/rob/.asdf/installs/ruby/3.1.3/include/ruby-3.1.0/ruby/backward -I/Users/rob/.asdf/installs/ruby/3.1.3/include/ruby-3.1.0 -I/Users/rob/Code/ruby/lxi_rb/bin -I/Users/rob/.asdf/installs/ruby/3.1.3/include  -I/opt/homebrew/opt/gmp/include -D_XOPEN_SOURCE -D_DARWIN_C_SOURCE -D_DARWIN_UNLIMITED_SELECT -D_REENTRANT   -fdeclspec -O3 -fno-fast-math -ggdb3 -Wall -Wextra -Wdeprecated-declarations -Wdivision-by-zero -Wimplicit-function-declaration -Wimplicit-int -Wmisleading-indentation -Wpointer-arith -Wshorten-64-to-32 -Wwrite-strings -Wold-style-definition -Wmissing-noreturn -Wno-cast-function-type -Wno-constant-logical-operand -Wno-long-long -Wno-missing-field-initializers -Wno-overlength-strings -Wno-parentheses-equality -Wno-self-assign -Wno-tautological-compare -Wno-unused-parameter -Wno-unused-value -Wunused-variable -Wextra-tokens -Wundef  -fno-common -pipe conftest.c  -L. -L/Users/rob/.asdf/installs/ruby/3.1.3/lib -L. -L/Users/rob/.asdf/installs/ruby/3.1.3/lib  -fstack-protector-strong -L/opt/homebrew/opt/gmp/lib -L/usr/local/lib     -lruby.3.1 -llxi   "
conftest.c:3:10: fatal error: 'lxi.h' file not found
#include <lxi.h>
         ^~~~~~~
1 error generated.
checked program was:
/* begin */
 1: #include "ruby.h"
 2: 
 3: #include <lxi.h>
 4: 
 5: /*top*/
 6: extern int t(void);
 7: int main(int argc, char **argv)
 8: {
 9:   if (argc > 1000000) {
10:     int (* volatile tp)(void)=(int (*)(void))&t;
11:     printf("%d", (*tp)());
12:   }
13: 
14:   return !!argv[argc];
15: }
16: extern void lxi_init();
17: int t(void) { lxi_init(); return 0; }
/* end */

--------------------

